<?xml version="1.0" encoding="UTF-8"?>
<testng-results ignored="0" total="1" passed="1" failed="0" skipped="0">
  <reporter-output>
  </reporter-output>
  <suite started-at="2024-03-13T17:03:10 IST" name="Default suite" finished-at="2024-03-13T17:04:09 IST" duration-ms="59140">
    <groups>
    </groups>
    <test started-at="2024-03-13T17:03:10 IST" name="Default test" finished-at="2024-03-13T17:04:09 IST" duration-ms="59140">
      <class name="com.testExecution.RunnerClass">
        <test-method signature="testGL()[pri:0, instance:com.testExecution.RunnerClass@5b1669c0]" started-at="2024-03-13T17:03:10 IST" name="testGL" finished-at="2024-03-13T17:04:09 IST" duration-ms="59102" status="PASS">
          <reporter-output>
          </reporter-output>
        </test-method> <!-- testGL -->
      </class> <!-- com.testExecution.RunnerClass -->
    </test> <!-- Default test -->
  </suite> <!-- Default suite -->
</testng-results>
